<?xml version="1.0" encoding="UTF-8"?>
<testng-results ignored="0" total="1" passed="1" failed="0" skipped="0">
  <reporter-output>
  </reporter-output>
  <suite started-at="2023-08-03T22:18:56 BST" name="Default suite" finished-at="2023-08-03T22:18:56 BST" duration-ms="35">
    <groups>
    </groups>
    <test started-at="2023-08-03T22:18:56 BST" name="Default test" finished-at="2023-08-03T22:18:56 BST" duration-ms="35">
      <class name="Sample.demo">
        <test-method signature="sample()[pri:0, instance:Sample.demo@8317c52]" started-at="2023-08-03T22:18:56 BST" name="sample" finished-at="2023-08-03T22:18:56 BST" duration-ms="6" status="PASS">
          <reporter-output>
          </reporter-output>
        </test-method> <!-- sample -->
      </class> <!-- Sample.demo -->
    </test> <!-- Default test -->
  </suite> <!-- Default suite -->
</testng-results>
